[0514/174412.545:ERROR:process_reader_win.cc(233)] ReadMemory at 0x52f5000 of 45056 bytes failed: 仅完成部分的 ReadProcessMemory 或 WriteProcessMemory 请求。 (0x12B)
[0514/174412.546:ERROR:crash_report_exception_handler.cc(111)] WriteEverything failed
[0514/174412.548:ERROR:scoped_process_suspend.cc(38)] NtResumeProcess: 已尝试访问正在退出的过程。  (0xc000010a)
[0514/174412.597:ERROR:process_reader_win.cc(233)] ReadMemory at 0xd85000 of 45056 bytes failed: 仅完成部分的 ReadProcessMemory 或 WriteProcessMemory 请求。 (0x12B)
[0514/174412.597:ERROR:crash_report_exception_handler.cc(111)] WriteEverything failed
[0514/174412.599:ERROR:scoped_process_suspend.cc(38)] NtResumeProcess: 已尝试访问正在退出的过程。  (0xc000010a)
[0514/180134.328:ERROR:process_reader_win.cc(233)] ReadMemory at 0xcf5000 of 45056 bytes failed: 仅完成部分的 ReadProcessMemory 或 WriteProcessMemory 请求。 (0x12B)
[0514/180134.330:ERROR:crash_report_exception_handler.cc(111)] WriteEverything failed
[0514/180134.331:ERROR:scoped_process_suspend.cc(38)] NtResumeProcess: 已尝试访问正在退出的过程。  (0xc000010a)
[0514/182111.969:ERROR:process_reader_win.cc(142)] SuspendThread: 拒绝访问。 (0x5)
[0514/182111.971:ERROR:process_reader_win.cc(142)] SuspendThread: 拒绝访问。 (0x5)
[0514/182112.212:ERROR:process_reader_win.cc(233)] ReadMemory at 0x5335000 of 45056 bytes failed: 仅完成部分的 ReadProcessMemory 或 WriteProcessMemory 请求。 (0x12B)
[0514/182112.212:ERROR:crash_report_exception_handler.cc(111)] WriteEverything failed
[0514/182112.214:ERROR:scoped_process_suspend.cc(38)] NtResumeProcess: 已尝试访问正在退出的过程。  (0xc000010a)
[0514/193109.275:ERROR:process_info.cc(330)] VirtualQueryEx: 拒绝访问。 (0x5)
[0514/193109.277:ERROR:process_info.cc(547)] ReadMemoryInfo failed
[0514/193109.277:ERROR:process_reader_win.cc(233)] ReadMemory at 0x56cd7598 of 12 bytes failed: 仅完成部分的 ReadProcessMemory 或 WriteProcessMemory 请求。 (0x12B)
[0514/193109.277:WARNING:process_snapshot_win.cc(68)] ReadMemory ExceptionInformation failed
[0514/193109.277:WARNING:crash_report_exception_handler.cc(60)] ProcessSnapshotWin::Initialize failed
[0514/193109.277:ERROR:scoped_process_suspend.cc(38)] NtResumeProcess: 已尝试访问正在退出的过程。  (0xc000010a)
